TEST.txt:1:#TODO Test File
TEST.txt:2:#TODO Add Stuff
TEST.txt:3:#TODO Make Magic
Project01/TODO.sh:13:grep -Hrn ".*#TODO.*" > Project01/Logs/TODO.log
Project01/Logs/todo.log:1:TEST.txt:1:#TODO Test File
Project01/Logs/todo.log:2:TEST.txt:2:#TODO Add Stuff
Project01/Logs/todo.log:3:TEST.txt:3:#TODO Make Magic
Project01/Logs/todo.log:4:Project01/TODO.sh:13:grep -Hrn ".*#TODO.*" > Project01/Logs/todo.log
Project01/Logs/todo.log:5:Project01/Logs/TODO.log:1:Project01/README.md:18:- The program then uses grep to find all the lines from ever file in the repo that contain #TODO and place them along with the file name and line number into the TODO.log file
Project01/Logs/todo.log:6:Project01/Logs/TODO.log:2:Project01/TEST.txt:1:Stuff #TODO Test File
Project01/Logs/todo.log:7:Project01/Logs/TODO.log:3:Project01/TEST.txt:2:#TODO Add Stuff
Project01/Logs/todo.log:8:Project01/Logs/TODO.log:4:Project01/TEST.txt:3:#TODO Make Magic
Project01/Logs/todo.log:9:Project01/Logs/TODO.log:5:Project01/TODO.sh:13:grep -Hrn ".*#TODO.*" > Project01/Logs/todo.log
Project01/Logs/todo.log:10:Project01/Logs/TODO.log:6:TEST.txt:1:#TODO Test File
Project01/Logs/todo.log:11:Project01/Logs/TODO.log:7:TEST.txt:2:#TODO Add Stuff
Project01/Logs/todo.log:12:Project01/Logs/TODO.log:8:TEST.txt:3:#TODO Make Magic
Project01/Logs/todo.log:13:Project01/TEST.txt:1:Stuff #TODO Test File
Project01/Logs/todo.log:14:Project01/TEST.txt:2:#TODO Add Stuff
Project01/Logs/todo.log:15:Project01/TEST.txt:3:#TODO Make Magic
Project01/Logs/todo.log:16:Project01/README.md:22:- The program then uses grep to find all the lines from ever file in the repo that contain #TODO and place them along with the file name and line number into the TODO.log file
Project01/TEST.txt:1:Stuff #TODO Test File
Project01/TEST.txt:2:#TODO Add Stuff
Project01/TEST.txt:3:#TODO Make Magic
Project01/README.md:22:- The program then uses grep to find all the lines from ever file in the repo that contain #TODO and place them along with the file name and line number into the TODO.log file
